  [1m[35m (0.6ms)[0m  [1m[35mCREATE DATABASE "video_night_development" ENCODING = 'unicode'[0m
  ↳ bin/rails:9
  [1m[35m (0.6ms)[0m  [1m[35mCREATE DATABASE "video_night_test" ENCODING = 'unicode'[0m
  ↳ bin/rails:9
  [1m[35m (116.6ms)[0m  [1m[35mDROP DATABASE IF EXISTS "video_night_development"[0m
  ↳ bin/rails:9
  [1m[35m (115.5ms)[0m  [1m[35mDROP DATABASE IF EXISTS "video_night_test"[0m
  ↳ bin/rails:9
  [1m[35m (349.3ms)[0m  [1m[35mCREATE DATABASE "video_night_development" ENCODING = 'unicode'[0m
  ↳ bin/rails:9
  [1m[35m (367.0ms)[0m  [1m[35mCREATE DATABASE "video_night_test" ENCODING = 'unicode'[0m
  ↳ bin/rails:9
  [1m[35m (8.9ms)[0m  [1m[35mCREATE TABLE "schema_migrations" ("version" character varying NOT NULL PRIMARY KEY)[0m
  ↳ bin/rails:9
  [1m[35m (7.6ms)[0m  [1m[35mCREATE TABLE "ar_internal_metadata" ("key" character varying NOT NULL PRIMARY KEY, "value" character varying, "created_at" timestamp NOT NULL, "updated_at" timestamp NOT NULL)[0m
  ↳ bin/rails:9
  [1m[35m (0.6ms)[0m  [1m[34mSELECT pg_try_advisory_lock(3484205299629567450)[0m
  ↳ bin/rails:9
  [1m[35m (0.6ms)[0m  [1m[34mSELECT "schema_migrations"."version" FROM "schema_migrations" ORDER BY "schema_migrations"."version" ASC[0m
  ↳ bin/rails:9
Migrating to CreateUsers (20200210200952)
  [1m[35m (0.2ms)[0m  [1m[35mBEGIN[0m
  ↳ bin/rails:9
  [1m[35m (12.7ms)[0m  [1m[35mCREATE TABLE "users" ("id" bigserial primary key, "username" character varying NOT NULL, "email" character varying NOT NULL, "password_digest" character varying NOT NULL, "session_token" character varying NOT NULL, "created_at" timestamp NOT NULL, "updated_at" timestamp NOT NULL)[0m
  ↳ db/migrate/20200210200952_create_users.rb:3
  [1m[35m (5.9ms)[0m  [1m[35mCREATE UNIQUE INDEX  "index_users_on_username" ON "users"  ("username")[0m
  ↳ db/migrate/20200210200952_create_users.rb:11
  [1m[35m (6.1ms)[0m  [1m[35mCREATE UNIQUE INDEX  "index_users_on_email" ON "users"  ("email")[0m
  ↳ db/migrate/20200210200952_create_users.rb:12
  [1m[35m (6.4ms)[0m  [1m[35mCREATE UNIQUE INDEX  "index_users_on_session_token" ON "users"  ("session_token")[0m
  ↳ db/migrate/20200210200952_create_users.rb:13
  [1m[36mActiveRecord::SchemaMigration Create (0.5ms)[0m  [1m[32mINSERT INTO "schema_migrations" ("version") VALUES ($1) RETURNING "version"[0m  [["version", "20200210200952"]]
  ↳ bin/rails:9
  [1m[35m (3.0ms)[0m  [1m[35mCOMMIT[0m
  ↳ bin/rails:9
  [1m[36mActiveRecord::InternalMetadata Load (1.7ms)[0m  [1m[34mSELECT  "ar_internal_metadata".* FROM "ar_internal_metadata" WHERE "ar_internal_metadata"."key" = $1 LIMIT $2[0m  [["key", "environment"], ["LIMIT", 1]]
  ↳ bin/rails:9
  [1m[35m (0.4ms)[0m  [1m[35mBEGIN[0m
  ↳ bin/rails:9
  [1m[36mActiveRecord::InternalMetadata Create (0.6ms)[0m  [1m[32mINSERT INTO "ar_internal_metadata" ("key", "value", "created_at", "updated_at") VALUES ($1, $2, $3, $4) RETURNING "key"[0m  [["key", "environment"], ["value", "development"], ["created_at", "2020-02-10 20:13:02.642994"], ["updated_at", "2020-02-10 20:13:02.642994"]]
  ↳ bin/rails:9
  [1m[35m (3.1ms)[0m  [1m[35mCOMMIT[0m
  ↳ bin/rails:9
  [1m[35m (0.3ms)[0m  [1m[34mSELECT pg_advisory_unlock(3484205299629567450)[0m
  ↳ bin/rails:9
  [1m[35m (0.3ms)[0m  [1m[34mSELECT "schema_migrations"."version" FROM "schema_migrations" ORDER BY "schema_migrations"."version" ASC[0m
  ↳ bin/rails:9
  [1m[35m (0.5ms)[0m  [1m[34mSELECT "schema_migrations"."version" FROM "schema_migrations" ORDER BY "schema_migrations"."version" ASC[0m
  ↳ /home/qixiang/.rbenv/versions/2.6.5/bin/annotate:23
  [1m[36mUser Load (0.5ms)[0m  [1m[34mSELECT "users".* FROM "users"[0m
  [1m[36mUser Load (0.2ms)[0m  [1m[34mSELECT  "users".* FROM "users" WHERE "users"."session_token" = $1 LIMIT $2[0m  [["session_token", "NBTvcVP07T5_hJq07moOSw"], ["LIMIT", 1]]
  [1m[35m (0.1ms)[0m  [1m[35mBEGIN[0m
  [1m[36mUser Exists (0.4ms)[0m  [1m[34mSELECT  1 AS one FROM "users" WHERE "users"."username" = $1 LIMIT $2[0m  [["username", "test123"], ["LIMIT", 1]]
  [1m[36mUser Exists (0.3ms)[0m  [1m[34mSELECT  1 AS one FROM "users" WHERE "users"."email" = $1 LIMIT $2[0m  [["email", "test123@gmail.com"], ["LIMIT", 1]]
  [1m[36mUser Create (1.0ms)[0m  [1m[32mINSERT INTO "users" ("username", "email", "password_digest", "session_token", "created_at", "updated_at") VALUES ($1, $2, $3, $4, $5, $6) RETURNING "id"[0m  [["username", "test123"], ["email", "test123@gmail.com"], ["password_digest", "$2a$12$NuCet2DUCde8.5ACY.3y..QbSh5dqR9.06sykoK.F8X9katiXqijm"], ["session_token", "NBTvcVP07T5_hJq07moOSw"], ["created_at", "2020-02-10 20:26:21.732444"], ["updated_at", "2020-02-10 20:26:21.732444"]]
  [1m[35m (1.2ms)[0m  [1m[35mCOMMIT[0m
  [1m[36mUser Load (1.2ms)[0m  [1m[34mSELECT "users".* FROM "users"[0m
  [1m[36mUser Load (0.6ms)[0m  [1m[34mSELECT  "users".* FROM "users" WHERE "users"."session_token" = $1 LIMIT $2[0m  [["session_token", "5iBTQVvCPdF-24UAJemszQ"], ["LIMIT", 1]]
  [1m[35m (0.1ms)[0m  [1m[35mBEGIN[0m
  [1m[36mUser Exists (0.3ms)[0m  [1m[34mSELECT  1 AS one FROM "users" WHERE "users"."username" = $1 LIMIT $2[0m  [["username", "test124"], ["LIMIT", 1]]
  [1m[36mUser Exists (0.3ms)[0m  [1m[34mSELECT  1 AS one FROM "users" WHERE "users"."email" = $1 LIMIT $2[0m  [["email", "test124@gmail.com"], ["LIMIT", 1]]
  [1m[35m (0.2ms)[0m  [1m[31mROLLBACK[0m
  [1m[36mUser Load (0.5ms)[0m  [1m[34mSELECT  "users".* FROM "users" WHERE "users"."session_token" = $1 LIMIT $2[0m  [["session_token", "qBtmObWl3vkOG4_fsSURhA"], ["LIMIT", 1]]
  [1m[35m (0.2ms)[0m  [1m[35mBEGIN[0m
  [1m[36mUser Exists (0.3ms)[0m  [1m[34mSELECT  1 AS one FROM "users" WHERE "users"."username" = $1 LIMIT $2[0m  [["username", "test123"], ["LIMIT", 1]]
  [1m[36mUser Exists (0.4ms)[0m  [1m[34mSELECT  1 AS one FROM "users" WHERE "users"."email" = $1 LIMIT $2[0m  [["email", "test124@gmail.com"], ["LIMIT", 1]]
  [1m[35m (0.2ms)[0m  [1m[31mROLLBACK[0m
  [1m[36mUser Load (0.4ms)[0m  [1m[34mSELECT  "users".* FROM "users" WHERE "users"."session_token" = $1 LIMIT $2[0m  [["session_token", "5S7tS_O_CR1vfXthDiruEw"], ["LIMIT", 1]]
  [1m[35m (0.1ms)[0m  [1m[35mBEGIN[0m
  [1m[36mUser Exists (0.3ms)[0m  [1m[34mSELECT  1 AS one FROM "users" WHERE "users"."username" = $1 LIMIT $2[0m  [["username", "test124"], ["LIMIT", 1]]
  [1m[36mUser Exists (0.3ms)[0m  [1m[34mSELECT  1 AS one FROM "users" WHERE "users"."email" = $1 LIMIT $2[0m  [["email", "test123@gmail.com"], ["LIMIT", 1]]
  [1m[35m (0.2ms)[0m  [1m[31mROLLBACK[0m
  [1m[36mUser Load (0.5ms)[0m  [1m[34mSELECT  "users".* FROM "users" WHERE "users"."session_token" = $1 LIMIT $2[0m  [["session_token", "j1TaLk9EAKLpYX2_iJNX-Q"], ["LIMIT", 1]]
  [1m[35m (0.1ms)[0m  [1m[35mBEGIN[0m
  [1m[36mUser Exists (0.2ms)[0m  [1m[34mSELECT  1 AS one FROM "users" WHERE "users"."username" = $1 LIMIT $2[0m  [["username", "randomuser"], ["LIMIT", 1]]
  [1m[36mUser Exists (0.3ms)[0m  [1m[34mSELECT  1 AS one FROM "users" WHERE "users"."email" = $1 LIMIT $2[0m  [["email", "randomuser@hotmail.com"], ["LIMIT", 1]]
  [1m[36mUser Create (0.4ms)[0m  [1m[32mINSERT INTO "users" ("username", "email", "password_digest", "session_token", "created_at", "updated_at") VALUES ($1, $2, $3, $4, $5, $6) RETURNING "id"[0m  [["username", "randomuser"], ["email", "randomuser@hotmail.com"], ["password_digest", "$2a$12$M7OQIFMz9hIUsx3eVZUaU.JvgVOlPNBRB0SiXMk2X092Wgu365x5K"], ["session_token", "j1TaLk9EAKLpYX2_iJNX-Q"], ["created_at", "2020-02-10 20:27:43.120653"], ["updated_at", "2020-02-10 20:27:43.120653"]]
  [1m[35m (1.6ms)[0m  [1m[35mCOMMIT[0m
  [1m[36mUser Load (1.4ms)[0m  [1m[34mSELECT "users".* FROM "users"[0m
  [1m[36mUser Load (0.5ms)[0m  [1m[34mSELECT "users".* FROM "users"[0m
Started GET "/" for ::1 at 2020-02-10 17:25:30 -0500
  [1m[35m (0.4ms)[0m  [1m[34mSELECT "schema_migrations"."version" FROM "schema_migrations" ORDER BY "schema_migrations"."version" ASC[0m
  ↳ /home/qixiang/.rbenv/versions/2.6.5/lib/ruby/gems/2.6.0/gems/activerecord-5.2.4.1/lib/active_record/log_subscriber.rb:98
Processing by StaticPagesController#root as HTML
  Rendering static_pages/root.html.erb within layouts/application
  Rendered static_pages/root.html.erb within layouts/application (2.0ms)
Completed 500 Internal Server Error in 227ms (ActiveRecord: 0.0ms)



Sprockets::FileNotFound - couldn't find file 'jquery' with type 'application/javascript'
Checked in these paths: 
  /home/qixiang/Desktop/Courses/projects/video_night/app/assets/config
  /home/qixiang/Desktop/Courses/projects/video_night/app/assets/images
  /home/qixiang/Desktop/Courses/projects/video_night/app/assets/javascripts
  /home/qixiang/Desktop/Courses/projects/video_night/app/assets/stylesheets
  /home/qixiang/.rbenv/versions/2.6.5/lib/ruby/gems/2.6.0/gems/coffee-rails-4.2.2/lib/assets/javascripts
  /home/qixiang/.rbenv/versions/2.6.5/lib/ruby/gems/2.6.0/gems/actioncable-5.2.4.1/lib/assets/compiled
  /home/qixiang/.rbenv/versions/2.6.5/lib/ruby/gems/2.6.0/gems/activestorage-5.2.4.1/app/assets/javascripts
  /home/qixiang/.rbenv/versions/2.6.5/lib/ruby/gems/2.6.0/gems/actionview-5.2.4.1/lib/assets/compiled
  /home/qixiang/Desktop/Courses/projects/video_night/node_modules:
  app/views/layouts/application.html.erb:8:in `_app_views_layouts_application_html_erb___2187718443434322515_70090214624480'

Started POST "/__better_errors/e028db95a9c33eca/variables" for ::1 at 2020-02-10 17:25:31 -0500
Started GET "/" for ::1 at 2020-02-10 17:26:47 -0500
Processing by StaticPagesController#root as HTML
  Rendering static_pages/root.html.erb within layouts/application
  Rendered static_pages/root.html.erb within layouts/application (1.3ms)
Completed 500 Internal Server Error in 54ms (ActiveRecord: 0.0ms)



Sprockets::FileNotFound - couldn't find file 'jquery' with type 'application/javascript'
Checked in these paths: 
  /home/qixiang/Desktop/Courses/projects/video_night/app/assets/config
  /home/qixiang/Desktop/Courses/projects/video_night/app/assets/images
  /home/qixiang/Desktop/Courses/projects/video_night/app/assets/javascripts
  /home/qixiang/Desktop/Courses/projects/video_night/app/assets/stylesheets
  /home/qixiang/.rbenv/versions/2.6.5/lib/ruby/gems/2.6.0/gems/coffee-rails-4.2.2/lib/assets/javascripts
  /home/qixiang/.rbenv/versions/2.6.5/lib/ruby/gems/2.6.0/gems/actioncable-5.2.4.1/lib/assets/compiled
  /home/qixiang/.rbenv/versions/2.6.5/lib/ruby/gems/2.6.0/gems/activestorage-5.2.4.1/app/assets/javascripts
  /home/qixiang/.rbenv/versions/2.6.5/lib/ruby/gems/2.6.0/gems/actionview-5.2.4.1/lib/assets/compiled
  /home/qixiang/Desktop/Courses/projects/video_night/node_modules:
  app/views/layouts/application.html.erb:8:in `_app_views_layouts_application_html_erb___2187718443434322515_70090213763920'

Started POST "/__better_errors/abdcf1d6bfa84db4/variables" for ::1 at 2020-02-10 17:26:48 -0500
Started GET "/" for ::1 at 2020-02-10 17:27:36 -0500
Processing by StaticPagesController#root as HTML
  Rendering static_pages/root.html.erb within layouts/application
  Rendered static_pages/root.html.erb within layouts/application (1.7ms)
Completed 500 Internal Server Error in 49ms (ActiveRecord: 0.0ms)



Sprockets::FileNotFound - couldn't find file 'jquery' with type 'application/javascript'
Checked in these paths: 
  /home/qixiang/Desktop/Courses/projects/video_night/app/assets/config
  /home/qixiang/Desktop/Courses/projects/video_night/app/assets/images
  /home/qixiang/Desktop/Courses/projects/video_night/app/assets/javascripts
  /home/qixiang/Desktop/Courses/projects/video_night/app/assets/stylesheets
  /home/qixiang/.rbenv/versions/2.6.5/lib/ruby/gems/2.6.0/gems/coffee-rails-4.2.2/lib/assets/javascripts
  /home/qixiang/.rbenv/versions/2.6.5/lib/ruby/gems/2.6.0/gems/actioncable-5.2.4.1/lib/assets/compiled
  /home/qixiang/.rbenv/versions/2.6.5/lib/ruby/gems/2.6.0/gems/activestorage-5.2.4.1/app/assets/javascripts
  /home/qixiang/.rbenv/versions/2.6.5/lib/ruby/gems/2.6.0/gems/actionview-5.2.4.1/lib/assets/compiled
  /home/qixiang/Desktop/Courses/projects/video_night/node_modules:
  app/views/layouts/application.html.erb:9:in `_app_views_layouts_application_html_erb___2187718443434322515_70090223403940'

Started POST "/__better_errors/aacfd69e6ae825f8/variables" for ::1 at 2020-02-10 17:27:36 -0500
Started GET "/" for ::1 at 2020-02-10 17:27:39 -0500
Processing by StaticPagesController#root as HTML
  Rendering static_pages/root.html.erb within layouts/application
  Rendered static_pages/root.html.erb within layouts/application (0.6ms)
Completed 500 Internal Server Error in 15ms (ActiveRecord: 0.0ms)



Sprockets::FileNotFound - couldn't find file 'jquery' with type 'application/javascript'
Checked in these paths: 
  /home/qixiang/Desktop/Courses/projects/video_night/app/assets/config
  /home/qixiang/Desktop/Courses/projects/video_night/app/assets/images
  /home/qixiang/Desktop/Courses/projects/video_night/app/assets/javascripts
  /home/qixiang/Desktop/Courses/projects/video_night/app/assets/stylesheets
  /home/qixiang/.rbenv/versions/2.6.5/lib/ruby/gems/2.6.0/gems/coffee-rails-4.2.2/lib/assets/javascripts
  /home/qixiang/.rbenv/versions/2.6.5/lib/ruby/gems/2.6.0/gems/actioncable-5.2.4.1/lib/assets/compiled
  /home/qixiang/.rbenv/versions/2.6.5/lib/ruby/gems/2.6.0/gems/activestorage-5.2.4.1/app/assets/javascripts
  /home/qixiang/.rbenv/versions/2.6.5/lib/ruby/gems/2.6.0/gems/actionview-5.2.4.1/lib/assets/compiled
  /home/qixiang/Desktop/Courses/projects/video_night/node_modules:
  app/views/layouts/application.html.erb:9:in `_app_views_layouts_application_html_erb___2187718443434322515_70090220808480'

Started POST "/__better_errors/7575d068a128d0d6/variables" for ::1 at 2020-02-10 17:27:40 -0500
Started GET "/" for ::1 at 2020-02-10 17:27:46 -0500
Processing by StaticPagesController#root as HTML
  Rendering static_pages/root.html.erb within layouts/application
  Rendered static_pages/root.html.erb within layouts/application (1.6ms)
Completed 200 OK in 19ms (Views: 14.9ms | ActiveRecord: 0.0ms)


Started GET "/" for ::1 at 2020-02-10 17:30:03 -0500
Processing by StaticPagesController#root as HTML
  Rendering static_pages/root.html.erb within layouts/application
  Rendered static_pages/root.html.erb within layouts/application (2.4ms)
Completed 500 Internal Server Error in 41ms (ActiveRecord: 0.0ms)



Sprockets::FileNotFound - couldn't find file 'jquery' with type 'application/javascript'
Checked in these paths: 
  /home/qixiang/Desktop/Courses/projects/video_night/app/assets/config
  /home/qixiang/Desktop/Courses/projects/video_night/app/assets/images
  /home/qixiang/Desktop/Courses/projects/video_night/app/assets/javascripts
  /home/qixiang/Desktop/Courses/projects/video_night/app/assets/stylesheets
  /home/qixiang/.rbenv/versions/2.6.5/lib/ruby/gems/2.6.0/gems/coffee-rails-4.2.2/lib/assets/javascripts
  /home/qixiang/.rbenv/versions/2.6.5/lib/ruby/gems/2.6.0/gems/actioncable-5.2.4.1/lib/assets/compiled
  /home/qixiang/.rbenv/versions/2.6.5/lib/ruby/gems/2.6.0/gems/activestorage-5.2.4.1/app/assets/javascripts
  /home/qixiang/.rbenv/versions/2.6.5/lib/ruby/gems/2.6.0/gems/actionview-5.2.4.1/lib/assets/compiled
  /home/qixiang/Desktop/Courses/projects/video_night/node_modules:
  app/views/layouts/application.html.erb:8:in `_app_views_layouts_application_html_erb___2187718443434322515_70090224799400'

Started POST "/__better_errors/b5caab5c2b6ee562/variables" for ::1 at 2020-02-10 17:30:04 -0500
Started GET "/" for ::1 at 2020-02-10 17:41:51 -0500
Processing by StaticPagesController#root as HTML
  Rendering static_pages/root.html.erb within layouts/application
  Rendered static_pages/root.html.erb within layouts/application (0.5ms)
Completed 500 Internal Server Error in 34ms (ActiveRecord: 0.0ms)



Sprockets::FileNotFound - couldn't find file 'jquery' with type 'application/javascript'
Checked in these paths: 
  /home/qixiang/Desktop/Courses/projects/video_night/app/assets/config
  /home/qixiang/Desktop/Courses/projects/video_night/app/assets/images
  /home/qixiang/Desktop/Courses/projects/video_night/app/assets/javascripts
  /home/qixiang/Desktop/Courses/projects/video_night/app/assets/stylesheets
  /home/qixiang/.rbenv/versions/2.6.5/lib/ruby/gems/2.6.0/gems/coffee-rails-4.2.2/lib/assets/javascripts
  /home/qixiang/.rbenv/versions/2.6.5/lib/ruby/gems/2.6.0/gems/actioncable-5.2.4.1/lib/assets/compiled
  /home/qixiang/.rbenv/versions/2.6.5/lib/ruby/gems/2.6.0/gems/activestorage-5.2.4.1/app/assets/javascripts
  /home/qixiang/.rbenv/versions/2.6.5/lib/ruby/gems/2.6.0/gems/actionview-5.2.4.1/lib/assets/compiled
  /home/qixiang/Desktop/Courses/projects/video_night/node_modules:
  app/views/layouts/application.html.erb:8:in `_app_views_layouts_application_html_erb___2187718443434322515_70090224237740'

Started POST "/__better_errors/87bfe0e8aa5b0ffe/variables" for ::1 at 2020-02-10 17:41:52 -0500
Started GET "/" for ::1 at 2020-02-10 17:42:16 -0500
Processing by StaticPagesController#root as HTML
  Rendering static_pages/root.html.erb within layouts/application
  Rendered static_pages/root.html.erb within layouts/application (2.0ms)
Completed 500 Internal Server Error in 52ms (ActiveRecord: 0.0ms)



Sprockets::FileNotFound - couldn't find file 'jquery' with type 'application/javascript'
Checked in these paths: 
  /home/qixiang/Desktop/Courses/projects/video_night/app/assets/config
  /home/qixiang/Desktop/Courses/projects/video_night/app/assets/images
  /home/qixiang/Desktop/Courses/projects/video_night/app/assets/javascripts
  /home/qixiang/Desktop/Courses/projects/video_night/app/assets/stylesheets
  /home/qixiang/.rbenv/versions/2.6.5/lib/ruby/gems/2.6.0/gems/coffee-rails-4.2.2/lib/assets/javascripts
  /home/qixiang/.rbenv/versions/2.6.5/lib/ruby/gems/2.6.0/gems/actioncable-5.2.4.1/lib/assets/compiled
  /home/qixiang/.rbenv/versions/2.6.5/lib/ruby/gems/2.6.0/gems/activestorage-5.2.4.1/app/assets/javascripts
  /home/qixiang/.rbenv/versions/2.6.5/lib/ruby/gems/2.6.0/gems/actionview-5.2.4.1/lib/assets/compiled
  /home/qixiang/Desktop/Courses/projects/video_night/node_modules:
  app/views/layouts/application.html.erb:8:in `_app_views_layouts_application_html_erb___2187718443434322515_70089941494520'

Started POST "/__better_errors/9c0e46029e8e409f/variables" for ::1 at 2020-02-10 17:42:16 -0500
Started GET "/" for ::1 at 2020-02-10 17:42:28 -0500
  [1m[35m (2.1ms)[0m  [1m[34mSELECT "schema_migrations"."version" FROM "schema_migrations" ORDER BY "schema_migrations"."version" ASC[0m
  ↳ /home/qixiang/.rbenv/versions/2.6.5/lib/ruby/gems/2.6.0/gems/activerecord-5.2.4.1/lib/active_record/log_subscriber.rb:98
Processing by StaticPagesController#root as HTML
  Rendering static_pages/root.html.erb within layouts/application
  Rendered static_pages/root.html.erb within layouts/application (1.0ms)
Completed 200 OK in 2328ms (Views: 2326.2ms | ActiveRecord: 0.0ms)


